Performing C SOURCE FILE Test HAVE___DECLSPEC_DLLEXPORT_ failed with the following output:
Change Dir: /home/dvir/Dropbox/Chai - Dvir/mini-project/FM-Index/libdivsufsort/CMakeFiles/CMakeTmp

Run Build Command:/usr/bin/make "cmTryCompileExec3667033724/fast"
make[1]: Entering directory `/home/dvir/Dropbox/Chai - Dvir/mini-project/FM-Index/libdivsufsort/CMakeFiles/CMakeTmp'
/usr/bin/make -f CMakeFiles/cmTryCompileExec3667033724.dir/build.make CMakeFiles/cmTryCompileExec3667033724.dir/build
make[2]: Entering directory `/home/dvir/Dropbox/Chai - Dvir/mini-project/FM-Index/libdivsufsort/CMakeFiles/CMakeTmp'
/usr/bin/cmake -E cmake_progress_report "/home/dvir/Dropbox/Chai - Dvir/mini-project/FM-Index/libdivsufsort/CMakeFiles/CMakeTmp/CMakeFiles" 1
Building C object CMakeFiles/cmTryCompileExec3667033724.dir/src.c.o
/usr/bin/cc   -Wall  -DHAVE___DECLSPEC_DLLEXPORT_   -o CMakeFiles/cmTryCompileExec3667033724.dir/src.c.o   -c "/home/dvir/Dropbox/Chai - Dvir/mini-project/FM-Index/libdivsufsort/CMakeFiles/CMakeTmp/src.c"
/home/dvir/Dropbox/Chai - Dvir/mini-project/FM-Index/libdivsufsort/CMakeFiles/CMakeTmp/src.c:1:1: warning: return type defaults to ‘int’ [-Wreturn-type]
 __declspec(dllexport) void func(); void func() { } int main() { func(); return 0; }
 ^
/home/dvir/Dropbox/Chai - Dvir/mini-project/FM-Index/libdivsufsort/CMakeFiles/CMakeTmp/src.c: In function ‘__declspec’:
/home/dvir/Dropbox/Chai - Dvir/mini-project/FM-Index/libdivsufsort/CMakeFiles/CMakeTmp/src.c:1:48: error: expected ‘=’, ‘,’, ‘;’, ‘asm’ or ‘__attribute__’ before ‘{’ token
 __declspec(dllexport) void func(); void func() { } int main() { func(); return 0; }
                                                ^
/home/dvir/Dropbox/Chai - Dvir/mini-project/FM-Index/libdivsufsort/CMakeFiles/CMakeTmp/src.c:1:63: error: expected ‘=’, ‘,’, ‘;’, ‘asm’ or ‘__attribute__’ before ‘{’ token
 __declspec(dllexport) void func(); void func() { } int main() { func(); return 0; }
                                                               ^
/home/dvir/Dropbox/Chai - Dvir/mini-project/FM-Index/libdivsufsort/CMakeFiles/CMakeTmp/src.c:1:28: error: declaration for parameter ‘func’ but no such parameter
 __declspec(dllexport) void func(); void func() { } int main() { func(); return 0; }
                            ^
/home/dvir/Dropbox/Chai - Dvir/mini-project/FM-Index/libdivsufsort/CMakeFiles/CMakeTmp/src.c:1:63: error: expected ‘{’ at end of input
 __declspec(dllexport) void func(); void func() { } int main() { func(); return 0; }
                                                               ^
/home/dvir/Dropbox/Chai - Dvir/mini-project/FM-Index/libdivsufsort/CMakeFiles/CMakeTmp/src.c:1:63: warning: control reaches end of non-void function [-Wreturn-type]
 __declspec(dllexport) void func(); void func() { } int main() { func(); return 0; }
                                                               ^
make[2]: *** [CMakeFiles/cmTryCompileExec3667033724.dir/src.c.o] Error 1
make[2]: Leaving directory `/home/dvir/Dropbox/Chai - Dvir/mini-project/FM-Index/libdivsufsort/CMakeFiles/CMakeTmp'
make[1]: *** [cmTryCompileExec3667033724/fast] Error 2
make[1]: Leaving directory `/home/dvir/Dropbox/Chai - Dvir/mini-project/FM-Index/libdivsufsort/CMakeFiles/CMakeTmp'

Source file was:
__declspec(dllexport) void func(); void func() { } int main() { func(); return 0; }
Performing C SOURCE FILE Test HAVE___DECLSPEC_DLLIMPORT_ failed with the following output:
Change Dir: /home/dvir/Dropbox/Chai - Dvir/mini-project/FM-Index/libdivsufsort/CMakeFiles/CMakeTmp

Run Build Command:/usr/bin/make "cmTryCompileExec3881528165/fast"
make[1]: Entering directory `/home/dvir/Dropbox/Chai - Dvir/mini-project/FM-Index/libdivsufsort/CMakeFiles/CMakeTmp'
/usr/bin/make -f CMakeFiles/cmTryCompileExec3881528165.dir/build.make CMakeFiles/cmTryCompileExec3881528165.dir/build
make[2]: Entering directory `/home/dvir/Dropbox/Chai - Dvir/mini-project/FM-Index/libdivsufsort/CMakeFiles/CMakeTmp'
/usr/bin/cmake -E cmake_progress_report "/home/dvir/Dropbox/Chai - Dvir/mini-project/FM-Index/libdivsufsort/CMakeFiles/CMakeTmp/CMakeFiles" 1
Building C object CMakeFiles/cmTryCompileExec3881528165.dir/src.c.o
/usr/bin/cc   -Wall  -DHAVE___DECLSPEC_DLLIMPORT_   -o CMakeFiles/cmTryCompileExec3881528165.dir/src.c.o   -c "/home/dvir/Dropbox/Chai - Dvir/mini-project/FM-Index/libdivsufsort/CMakeFiles/CMakeTmp/src.c"
/home/dvir/Dropbox/Chai - Dvir/mini-project/FM-Index/libdivsufsort/CMakeFiles/CMakeTmp/src.c:1:1: warning: return type defaults to ‘int’ [-Wreturn-type]
 __declspec(dllimport) void func(); void func() { } int main() { func(); return 0; }
 ^
/home/dvir/Dropbox/Chai - Dvir/mini-project/FM-Index/libdivsufsort/CMakeFiles/CMakeTmp/src.c: In function ‘__declspec’:
/home/dvir/Dropbox/Chai - Dvir/mini-project/FM-Index/libdivsufsort/CMakeFiles/CMakeTmp/src.c:1:48: error: expected ‘=’, ‘,’, ‘;’, ‘asm’ or ‘__attribute__’ before ‘{’ token
 __declspec(dllimport) void func(); void func() { } int main() { func(); return 0; }
                                                ^
/home/dvir/Dropbox/Chai - Dvir/mini-project/FM-Index/libdivsufsort/CMakeFiles/CMakeTmp/src.c:1:63: error: expected ‘=’, ‘,’, ‘;’, ‘asm’ or ‘__attribute__’ before ‘{’ token
 __declspec(dllimport) void func(); void func() { } int main() { func(); return 0; }
                                                               ^
/home/dvir/Dropbox/Chai - Dvir/mini-project/FM-Index/libdivsufsort/CMakeFiles/CMakeTmp/src.c:1:28: error: declaration for parameter ‘func’ but no such parameter
 __declspec(dllimport) void func(); void func() { } int main() { func(); return 0; }
                            ^
/home/dvir/Dropbox/Chai - Dvir/mini-project/FM-Index/libdivsufsort/CMakeFiles/CMakeTmp/src.c:1:63: error: expected ‘{’ at end of input
 __declspec(dllimport) void func(); void func() { } int main() { func(); return 0; }
                                                               ^
/home/dvir/Dropbox/Chai - Dvir/mini-project/FM-Index/libdivsufsort/CMakeFiles/CMakeTmp/src.c:1:63: warning: control reaches end of non-void function [-Wreturn-type]
 __declspec(dllimport) void func(); void func() { } int main() { func(); return 0; }
                                                               ^
make[2]: *** [CMakeFiles/cmTryCompileExec3881528165.dir/src.c.o] Error 1
make[2]: Leaving directory `/home/dvir/Dropbox/Chai - Dvir/mini-project/FM-Index/libdivsufsort/CMakeFiles/CMakeTmp'
make[1]: *** [cmTryCompileExec3881528165/fast] Error 2
make[1]: Leaving directory `/home/dvir/Dropbox/Chai - Dvir/mini-project/FM-Index/libdivsufsort/CMakeFiles/CMakeTmp'

Source file was:
__declspec(dllimport) void func(); void func() { } int main() { func(); return 0; }
